<?xml version="1.0" encoding="UTF-8"?>
<testng-results ignored="0" total="1" passed="1" failed="0" skipped="0">
  <reporter-output>
  </reporter-output>
  <suite started-at="2024-03-11T16:07:35 IST" name="Default suite" finished-at="2024-03-11T16:07:35 IST" duration-ms="553">
    <groups>
    </groups>
    <test started-at="2024-03-11T16:07:35 IST" name="Default test" finished-at="2024-03-11T16:07:35 IST" duration-ms="553">
      <class name="com.amazon.utility.ReadExcel">
        <test-method signature="readExcel()[pri:0, instance:com.amazon.utility.ReadExcel@70e9c95d]" started-at="2024-03-11T16:07:35 IST" name="readExcel" finished-at="2024-03-11T16:07:35 IST" duration-ms="522" status="PASS">
          <reporter-output>
          </reporter-output>
        </test-method> <!-- readExcel -->
      </class> <!-- com.amazon.utility.ReadExcel -->
    </test> <!-- Default test -->
  </suite> <!-- Default suite -->
</testng-results>
