<?xml version="1.0" encoding="UTF-8"?>
<testng-results ignored="0" total="1" passed="1" failed="0" skipped="0">
  <reporter-output>
  </reporter-output>
  <suite started-at="2024-02-27T16:34:50 IST" name="Default suite" finished-at="2024-02-27T16:35:10 IST" duration-ms="20668">
    <groups>
    </groups>
    <test started-at="2024-02-27T16:34:50 IST" name="Default test" finished-at="2024-02-27T16:35:10 IST" duration-ms="20668">
      <class name="com.amazon.testcases.LoginPageValidTest">
        <test-method is-config="true" signature="setUp()[pri:0, instance:com.amazon.testcases.LoginPageValidTest@5049d8b2]" started-at="2024-02-27T16:34:50 IST" name="setUp" finished-at="2024-02-27T16:34:54 IST" duration-ms="4112" status="PASS">
          <reporter-output>
          </reporter-output>
        </test-method> <!-- setUp -->
        <test-method signature="validCredentials()[pri:0, instance:com.amazon.testcases.LoginPageValidTest@5049d8b2]" started-at="2024-02-27T16:34:54 IST" name="validCredentials" finished-at="2024-02-27T16:35:10 IST" duration-ms="16235" status="PASS">
          <reporter-output>
          </reporter-output>
        </test-method> <!-- validCredentials -->
        <test-method is-config="true" signature="tearDown()[pri:0, instance:com.amazon.testcases.LoginPageValidTest@5049d8b2]" started-at="2024-02-27T16:35:10 IST" name="tearDown" finished-at="2024-02-27T16:35:10 IST" duration-ms="284" status="PASS">
          <reporter-output>
          </reporter-output>
        </test-method> <!-- tearDown -->
      </class> <!-- com.amazon.testcases.LoginPageValidTest -->
    </test> <!-- Default test -->
  </suite> <!-- Default suite -->
</testng-results>
